Notify: Found jdk version: 1.8.0.	[MsgId: MMSG-22986]
Notify: classpath=C:\Users\בהףסאלות\Documents\VuGen\Scripts\JavaHTTP1;d:\loadrunner\classes\srv;d:\loadrunner\classes;;;C:\Users\בהףסאלות\Documents\VuGen\Scripts\JavaHTTP1\testArtId-1.0-SNAPSHOT-jar-with-dependencies.jar;;d:\loadrunner\lib\xstream-1.4.8.jar;d:\loadrunner\lib\xpp3-1.1.4c.jar	[MsgId: MMSG-22986]
Error: Compilation process failed.	[MsgId: MERR-22997]
Error: C:\Users\בהףסאלות\Documents\VuGen\Scripts\JavaHTTP1\Actions.java:9: error: '.' expected	[MsgId: MERR-22986]
Error: import TestGetClass;	[MsgId: MERR-22986]
Error:                    ^	[MsgId: MERR-22986]
Error: C:\Users\בהףסאלות\Documents\VuGen\Scripts\JavaHTTP1\Actions.java:9: error: ';' expected	[MsgId: MERR-22986]
Error: import TestGetClass;	[MsgId: MERR-22986]
Error:                     ^	[MsgId: MERR-22986]
Error: C:\Users\בהףסאלות\Documents\VuGen\Scripts\JavaHTTP1\Actions.java:10: error: class, interface, or enum expected	[MsgId: MERR-22986]
Error: import TestChangeClass;	[MsgId: MERR-22986]
Error:        ^	[MsgId: MERR-22986]
Error: 3 errors	[MsgId: MERR-22986]
Error: Error: C:\Users\בהףסאלות\Documents\VuGen\Scripts\JavaHTTP1\Actions.java:9: error: '.' expected	[MsgId: MERR-22986]	[MsgId: MERR-22986]
Error: Error: import TestGetClass;	[MsgId: MERR-22986]	[MsgId: MERR-22986]
Error: Error:                    ^	[MsgId: MERR-22986]	[MsgId: MERR-22986]
Error: Error: C:\Users\בהףסאלות\Documents\VuGen\Scripts\JavaHTTP1\Actions.java:9: error: ';' expected	[MsgId: MERR-22986]	[MsgId: MERR-22986]
Error: Error: import TestGetClass;	[MsgId: MERR-22986]	[MsgId: MERR-22986]
Error: Error:                     ^	[MsgId: MERR-22986]	[MsgId: MERR-22986]
Error: Error: C:\Users\בהףסאלות\Documents\VuGen\Scripts\JavaHTTP1\Actions.java:10: error: class, interface, or enum expected	[MsgId: MERR-22986]	[MsgId: MERR-22986]
Error: Error: import TestChangeClass;	[MsgId: MERR-22986]	[MsgId: MERR-22986]
Error: Error:        ^	[MsgId: MERR-22986]	[MsgId: MERR-22986]
Error: Error: 3 errors	[MsgId: MERR-22986]	[MsgId: MERR-22986]
Error: Warning: Extension java_int.dll reports error -1 on call to function ExtPerProcessInitialize	[MsgId: MWAR-10485]	[MsgId: MERR-22986]
Error: Error: Thread Context: Call to service of the driver failed, reason - thread context wasn't initialized on this thread.	[MsgId: MERR-10176]	[MsgId: MERR-22986]
Warning: Extension java_int.dll reports error -1 on call to function ExtPerProcessInitialize	[MsgId: MWAR-10485]
Error: Thread Context: Call to service of the driver failed, reason - thread context wasn't initialized on this thread.	[MsgId: MERR-10176]
