<?xml version="1.0" encoding="UTF-8"?>
<!-- Generated by org.testng.reporters.JUnitXMLReporter -->
<testsuite hostname="Abdusame" ignored="0" tests="6" failures="0" timestamp="02 июн 2017 10:30:11 GMT" time="0.084" errors="0">
  <testcase name="testGetMethod" time="0.0" classname="TestChange"/>
  <testcase name="testChangeMethod" time="0.0" classname="TestGet"/>
  <testcase name="testChangeMethod" time="0.0" classname="TestGet"/>
  <testcase name="testChangeMethod" time="0.0" classname="TestGet"/>
  <testcase name="testChangeMethod" time="0.0" classname="TestGet"/>
  <testcase name="testChangeMethod" time="0.0" classname="TestGet"/>
</testsuite>
